Loading JSON: /config/Buff.json
Loading JSON: /config/Hero.json
Loading JSON: /config/Skill.json
[撼地神牛] LEARN %沟壑%
[撼地神牛] LEARN %强化图腾%
[撼地神牛] LEARN %余震%
	[撼地神牛] GET *余震*
[撼地神牛] LEARN %回音击%
[影魔] LEARN %影压%
[影魔] LEARN %影压Z%
[影魔] LEARN %影压X%
[影魔] LEARN %影压C%
[影魔] LEARN %支配死灵%
	[影魔] GET *支配死灵*
[影魔] LEARN %魔王降临%
	[影魔] GET *魔王降临光环*
	[流浪剑客] GET *魔王降临（作用在目标上）*
	[流浪剑客] ARMOR: 4.1000004 - -3.0
	[屠夫] GET *魔王降临（作用在目标上）*
	[屠夫] ARMOR: 3.8000002 - -3.0
	[小黑] GET *魔王降临（作用在目标上）*
	[小黑] ARMOR: 6.5 - -3.0
	[火女] GET *魔王降临（作用在目标上）*
	[火女] ARMOR: 2.6 - -3.0
	[抄袭] GET *魔王降临（作用在目标上）*
	[抄袭] ARMOR: 3.5 - -3.0
[影魔] LEARN %魂之挽歌（载体）%
[影魔] LEARN %魂之挽歌%
[影魔] LEARN %魂之挽歌（死亡）%
	[影魔] GET *魂之挽歌（死亡释放）*
[流浪剑客] LEARN %风暴之锤%
[流浪剑客] LEARN %巨力挥舞%
	[流浪剑客] GET *溅射*
[流浪剑客] LEARN %战吼%
[流浪剑客] LEARN %神之力量%
[屠夫] LEARN %屠夫钩子%
[屠夫] LEARN %腐烂%
[屠夫] LEARN %堆积腐肉%
	[屠夫] GET *堆积腐肉*
[屠夫] LEARN %肢解%
[火女] LEARN %龙破斩%
[火女] LEARN %光击阵%
[火女] LEARN %炽热之魂%
	[火女] GET *炽热之魂*
[火女] LEARN %神灭斩%
00:00 [撼地神牛] EMIT %沟壑%
	[撼地神牛] %沟壑% --> [小黑]: DAMAGE 125 STUN 2000 LEFT-HP 2217
	[撼地神牛] %沟壑% --> [抄袭]: DAMAGE 125 STUN 2000 LEFT-HP 2350
	[撼地神牛] *余震* --> [流浪剑客]: DAMAGE 50.0 STUN 1000.0 LEFT-HP 2387
	[撼地神牛] *余震* --> [屠夫]: DAMAGE 47.0 STUN 1000.0 LEFT-HP 2523
	[撼地神牛] *余震* --> [小黑]: DAMAGE 50.0 STUN 1000.0 LEFT-HP 2167
	[撼地神牛] *余震* --> [火女]: DAMAGE 50.0 STUN 1000.0 LEFT-HP 2292
	[撼地神牛] *余震* --> [抄袭]: DAMAGE 50.0 STUN 1000.0 LEFT-HP 2300
00:00 [影魔] EMIT %影压Z%
	[影魔] %影压Z% --> [流浪剑客]: DAMAGE 75 LEFT-HP 2312
	[影魔] %影压Z% --> [屠夫]: DAMAGE 71 LEFT-HP 2452
	[影魔] %影压Z% --> [小黑]: DAMAGE 75 LEFT-HP 2092
	[影魔] %影压Z% --> [火女]: DAMAGE 75 LEFT-HP 2217
	[影魔] %影压Z% --> [抄袭]: DAMAGE 75 LEFT-HP 2225
00:00 [冰女] EMIT %普通物理攻击%
	[冰女] %普通物理攻击% --> [屠夫]: DAMAGE 58 LEFT-HP 2394
00:00 [船长] EMIT %普通物理攻击%
	[船长] %普通物理攻击% --> [流浪剑客]: DAMAGE 72 LEFT-HP 2240
00:00 [风行] EMIT %普通物理攻击%
	[风行] %普通物理攻击% --> [抄袭]: DAMAGE 65 LEFT-HP 2160
00:00 [影魔] EMIT %影压X%
	[影魔] %影压X% --> [流浪剑客]: DAMAGE 75 LEFT-HP 2165
	[影魔] %影压X% --> [屠夫]: DAMAGE 71 LEFT-HP 2323
	[影魔] %影压X% --> [小黑]: DAMAGE 75 LEFT-HP 2017
	[影魔] %影压X% --> [火女]: DAMAGE 75 LEFT-HP 2142
00:00 [撼地神牛] EMIT %普通物理攻击%
	[撼地神牛] %普通物理攻击% --> [抄袭]: DAMAGE 69 LEFT-HP 2091
00:00 [影魔] EMIT %魂之挽歌%
	[影魔] %魂之挽歌% --> [流浪剑客]: DAMAGE 0 LEFT-HP 2165
	[流浪剑客] GET *魂之挽歌(减移速)*
	[流浪剑客] GET *魂之挽歌(减伤害)*
	[流浪剑客] ATTACK: 75.0 ~ 77.0 - -45.0
	[影魔] %魂之挽歌% --> [屠夫]: DAMAGE 0 LEFT-HP 2323
	[屠夫] GET *魂之挽歌(减移速)*
	[屠夫] GET *魂之挽歌(减伤害)*
	[屠夫] ATTACK: 82.0 ~ 82.0 - -49.0
	[影魔] %魂之挽歌% --> [小黑]: DAMAGE 0 LEFT-HP 2017
	[小黑] GET *魂之挽歌(减移速)*
	[小黑] GET *魂之挽歌(减伤害)*
	[小黑] ATTACK: 75.0 ~ 75.0 - -45.0
	[影魔] %魂之挽歌% --> [火女]: DAMAGE 0 LEFT-HP 2142
	[火女] GET *魂之挽歌(减移速)*
	[火女] GET *魂之挽歌(减伤害)*
	[火女] ATTACK: 67.0 ~ 85.0 - -40.0
	[影魔] %魂之挽歌% --> [抄袭]: DAMAGE 0 LEFT-HP 2091
	[抄袭] GET *魂之挽歌(减移速)*
	[抄袭] GET *魂之挽歌(减伤害)*
	[抄袭] ATTACK: 78.0 ~ 78.0 - -46.0
00:00 [撼地神牛] EMIT %强化图腾%
	[撼地神牛] GET *强化图腾*
	[撼地神牛] ATTACK: 68.0 ~ 78.0 + 102.0
	[撼地神牛] *余震* --> [流浪剑客]: DAMAGE 50.0 STUN 1000.0 LEFT-HP 2115
	[撼地神牛] *余震* --> [屠夫]: DAMAGE 47.0 STUN 1000.0 LEFT-HP 2276
	[撼地神牛] *余震* --> [小黑]: DAMAGE 50.0 STUN 1000.0 LEFT-HP 1967
	[撼地神牛] *余震* --> [火女]: DAMAGE 50.0 STUN 1000.0 LEFT-HP 2092
	[撼地神牛] *余震* --> [抄袭]: DAMAGE 50.0 STUN 1000.0 LEFT-HP 2041
00:00 [影魔] EMIT %普通物理攻击%
	[影魔] %普通物理攻击% --> [火女]: DAMAGE 60 LEFT-HP 2032
00:00 [风行] EMIT %普通物理攻击%
	[风行] %普通物理攻击% --> [小黑]: DAMAGE 70 LEFT-HP 1897
00:00 [冰女] EMIT %普通物理攻击%
	[冰女] %普通物理攻击% --> [火女]: DAMAGE 60 LEFT-HP 1972
00:00 [船长] EMIT %普通物理攻击%
	[船长] %普通物理攻击% --> [流浪剑客]: DAMAGE 84 LEFT-HP 2031
00:01 [流浪剑客] EMIT %战吼%
	[流浪剑客] GET *战吼*
	[流浪剑客] ARMOR: 4.1000004 + 1.0
	[屠夫] GET *战吼*
	[屠夫] ARMOR: 3.8000002 + 1.0
	[小黑] GET *战吼*
	[小黑] ARMOR: 6.5 + 1.0
	[火女] GET *战吼*
	[火女] ARMOR: 2.6 + 1.0
	[抄袭] GET *战吼*
	[抄袭] ARMOR: 3.5 + 1.0
00:01 [屠夫] EMIT %肢解%
	[屠夫] GET *肢解*
00:01 [火女] EMIT %光击阵%
	[火女] %光击阵% --> [撼地神牛]: DAMAGE 90 STUN 1600 LEFT-HP 2328
	[火女] %光击阵% --> [影魔]: DAMAGE 90 STUN 1600 LEFT-HP 2195
	[火女] %光击阵% --> [冰女]: DAMAGE 90 STUN 1600 LEFT-HP 2252
	[火女] %光击阵% --> [船长]: DAMAGE 90 STUN 1600 LEFT-HP 2366
	[火女] %光击阵% --> [风行]: DAMAGE 90 STUN 1600 LEFT-HP 2290
	[火女] *炽热之魂* --> [火女]: DAMAGE 0.4 LEFT-HP 1972
00:01 [流浪剑客] EMIT %普通物理攻击%
	[流浪剑客] %普通物理攻击% --> [船长]: DAMAGE 35 LEFT-HP 2331
	[流浪剑客] *溅射* --> [撼地神牛]: DAMAGE 7.0 LEFT-HP 2321
	[流浪剑客] *溅射* --> [影魔]: DAMAGE 7.0 LEFT-HP 2188
	[流浪剑客] *溅射* --> [冰女]: DAMAGE 7.0 LEFT-HP 2245
	[流浪剑客] *溅射* --> [船长]: DAMAGE 7.0 LEFT-HP 2324
	[流浪剑客] *溅射* --> [风行]: DAMAGE 7.0 LEFT-HP 2283
00:01 [火女] EMIT %神灭斩%
	[火女] %神灭斩% --> [撼地神牛]: DAMAGE 450 LEFT-HP 1871
	[火女] *炽热之魂* --> [火女]: DAMAGE 0.4 LEFT-HP 1972
00:01 [流浪剑客] EMIT %神之力量%
	[流浪剑客] GET *神之力量*
	[流浪剑客] ATTACK: 75.0 ~ 77.0 + 30.0
00:01 [火女] EMIT %龙破斩%
	[火女] %龙破斩% --> [风行]: DAMAGE 100 LEFT-HP 2183
	[火女] *炽热之魂* --> [火女]: DAMAGE 0.4 LEFT-HP 1972
00:01 [流浪剑客] EMIT %风暴之锤%
	[流浪剑客] %风暴之锤% --> [撼地神牛]: DAMAGE 100 STUN 2000 LEFT-HP 1771
	[流浪剑客] %风暴之锤% --> [影魔]: DAMAGE 100 STUN 2000 LEFT-HP 2088
	[流浪剑客] %风暴之锤% --> [冰女]: DAMAGE 100 STUN 2000 LEFT-HP 2145
	[流浪剑客] %风暴之锤% --> [船长]: DAMAGE 100 STUN 2000 LEFT-HP 2224
	[流浪剑客] %风暴之锤% --> [风行]: DAMAGE 100 STUN 2000 LEFT-HP 2083
00:01 [火女] EMIT %普通物理攻击%
	[火女] %普通物理攻击% --> [影魔]: DAMAGE 27 LEFT-HP 2061
	[撼地神牛] ATTACK: 68.0 ~ 78.0
00:01 [撼地神牛] *强化图腾*: OVER
00:01 [火女] EMIT %普通物理攻击%
	[火女] %普通物理攻击% --> [影魔]: DAMAGE 32 LEFT-HP 2029
00:02 [小黑] EMIT %普通物理攻击%
	[小黑] %普通物理攻击% --> [影魔]: DAMAGE 31 LEFT-HP 1998
00:02 [抄袭] EMIT %普通物理攻击%
	[抄袭] %普通物理攻击% --> [撼地神牛]: DAMAGE 33 LEFT-HP 1738
00:02 [屠夫] *肢解* --> [船长]: DAMAGE 105.0 LEFT-HP 2119
00:02 [流浪剑客] EMIT %普通物理攻击%
	[流浪剑客] %普通物理攻击% --> [船长]: DAMAGE 115 LEFT-HP 2004
	[流浪剑客] *溅射* --> [撼地神牛]: DAMAGE 23.0 LEFT-HP 1715
	[流浪剑客] *溅射* --> [影魔]: DAMAGE 23.0 LEFT-HP 1975
	[流浪剑客] *溅射* --> [冰女]: DAMAGE 23.0 LEFT-HP 2122
	[流浪剑客] *溅射* --> [船长]: DAMAGE 23.0 LEFT-HP 1981
	[流浪剑客] *溅射* --> [风行]: DAMAGE 23.0 LEFT-HP 2060
00:02 [火女] EMIT %普通物理攻击%
	[火女] %普通物理攻击% --> [船长]: DAMAGE 33 LEFT-HP 1948
00:02 [小黑] EMIT %普通物理攻击%
	[小黑] %普通物理攻击% --> [影魔]: DAMAGE 28 LEFT-HP 1947
00:02 [抄袭] EMIT %普通物理攻击%
	[抄袭] %普通物理攻击% --> [撼地神牛]: DAMAGE 31 LEFT-HP 1684
00:03 [屠夫] *肢解* --> [船长]: DAMAGE 105.0 LEFT-HP 1843
00:03 [冰女] EMIT %普通物理攻击%
	[冰女] %普通物理攻击% --> [流浪剑客]: DAMAGE 65 LEFT-HP 1966
00:03 [风行] EMIT %普通物理攻击%
	[风行] %普通物理攻击% --> [火女]: DAMAGE 67 LEFT-HP 1905
00:03 [撼地神牛] EMIT %普通物理攻击%
	[撼地神牛] %普通物理攻击% --> [抄袭]: DAMAGE 77 LEFT-HP 1964
00:03 [影魔] EMIT %普通物理攻击%
	[影魔] %普通物理攻击% --> [火女]: DAMAGE 63 LEFT-HP 1842
00:03 [小黑] EMIT %普通物理攻击%
	[小黑] %普通物理攻击% --> [冰女]: DAMAGE 32 LEFT-HP 2090
00:03 [火女] EMIT %普通物理攻击%
	[火女] %普通物理攻击% --> [船长]: DAMAGE 32 LEFT-HP 1811
00:03 [小黑] EMIT %普通物理攻击%
	[小黑] %普通物理攻击% --> [冰女]: DAMAGE 27 LEFT-HP 2063
00:03 [抄袭] EMIT %普通物理攻击%
	[抄袭] %普通物理攻击% --> [撼地神牛]: DAMAGE 32 LEFT-HP 1652
00:03 [风行] EMIT %普通物理攻击%
	[风行] %普通物理攻击% --> [小黑]: DAMAGE 73 LEFT-HP 1824
00:03 [流浪剑客] EMIT %普通物理攻击%
	[流浪剑客] %普通物理攻击% --> [船长]: DAMAGE 109 LEFT-HP 1702
	[流浪剑客] *溅射* --> [撼地神牛]: DAMAGE 21.0 LEFT-HP 1631
	[流浪剑客] *溅射* --> [影魔]: DAMAGE 21.0 LEFT-HP 1926
	[流浪剑客] *溅射* --> [冰女]: DAMAGE 21.0 LEFT-HP 2042
	[流浪剑客] *溅射* --> [船长]: DAMAGE 21.0 LEFT-HP 1681
	[流浪剑客] *溅射* --> [风行]: DAMAGE 21.0 LEFT-HP 2039
00:03 [冰女] EMIT %普通物理攻击%
	[冰女] %普通物理攻击% --> [小黑]: DAMAGE 66 LEFT-HP 1758
00:03 [火女] EMIT %普通物理攻击%
	[火女] %普通物理攻击% --> [风行]: DAMAGE 39 LEFT-HP 2000
00:04 [屠夫] *肢解* --> [船长]: DAMAGE 105.0 LEFT-HP 1576
00:04 [屠夫] *肢解*: OVER
00:04 [船长] EMIT %普通物理攻击%
	[船长] %普通物理攻击% --> [流浪剑客]: DAMAGE 81 LEFT-HP 1885
00:04 [屠夫] EMIT %屠夫钩子%
	[屠夫] %屠夫钩子% --> [影魔]: DAMAGE 90 LEFT-HP 1836
00:04 [屠夫] EMIT %腐烂%
00:04 [屠夫] OPEN *腐烂*
	[屠夫] GET *腐烂*
00:04 [屠夫] EMIT %普通物理攻击%
	[屠夫] %普通物理攻击% --> [影魔]: DAMAGE 31 LEFT-HP 1805
00:04 [影魔] EMIT %影压C%
	[影魔] %影压C% --> [流浪剑客]: DAMAGE 75 LEFT-HP 1810
	[影魔] %影压C% --> [抄袭]: DAMAGE 75 LEFT-HP 1889
00:04 [小黑] EMIT %普通物理攻击%
	[小黑] %普通物理攻击% --> [风行]: DAMAGE 33 LEFT-HP 1967
00:04 [风行] EMIT %普通物理攻击%
	[风行] %普通物理攻击% --> [流浪剑客]: DAMAGE 70 LEFT-HP 1740
00:04 [影魔] EMIT %普通物理攻击%
	[影魔] %普通物理攻击% --> [流浪剑客]: DAMAGE 55 LEFT-HP 1685
00:04 [撼地神牛] EMIT %普通物理攻击%
	[撼地神牛] %普通物理攻击% --> [抄袭]: DAMAGE 85 LEFT-HP 1804
00:04 [抄袭] EMIT %普通物理攻击%
	[抄袭] %普通物理攻击% --> [撼地神牛]: DAMAGE 31 LEFT-HP 1600
00:04 [火女] EMIT %普通物理攻击%
	[火女] %普通物理攻击% --> [影魔]: DAMAGE 33 LEFT-HP 1772
00:04 [冰女] EMIT %普通物理攻击%
	[冰女] %普通物理攻击% --> [小黑]: DAMAGE 60 LEFT-HP 1698
00:04 [小黑] EMIT %普通物理攻击%
	[小黑] %普通物理攻击% --> [船长]: DAMAGE 29 LEFT-HP 1547
00:04 [船长] EMIT %普通物理攻击%
	[船长] %普通物理攻击% --> [流浪剑客]: DAMAGE 77 LEFT-HP 1608
00:05 [流浪剑客] *魂之挽歌(减移速)*: OVER
	[流浪剑客] ATTACK: 75.0 ~ 77.0 + 75.0
00:05 [流浪剑客] *魂之挽歌(减伤害)*: OVER
00:05 [屠夫] *魂之挽歌(减移速)*: OVER
	[屠夫] ATTACK: 82.0 ~ 82.0
00:05 [屠夫] *魂之挽歌(减伤害)*: OVER
00:05 [小黑] *魂之挽歌(减移速)*: OVER
	[小黑] ATTACK: 75.0 ~ 75.0
00:05 [小黑] *魂之挽歌(减伤害)*: OVER
00:05 [火女] *魂之挽歌(减移速)*: OVER
	[火女] ATTACK: 67.0 ~ 85.0
00:05 [火女] *魂之挽歌(减伤害)*: OVER
00:05 [抄袭] *魂之挽歌(减移速)*: OVER
	[抄袭] ATTACK: 78.0 ~ 78.0
00:05 [抄袭] *魂之挽歌(减伤害)*: OVER
00:05 [屠夫] *腐烂* --> [撼地神牛]: DAMAGE 35.0 LEFT-HP 1565
00:05 [屠夫] *腐烂* --> [影魔]: DAMAGE 35.0 LEFT-HP 1737
00:05 [屠夫] *腐烂* --> [冰女]: DAMAGE 35.0 LEFT-HP 2007
00:05 [屠夫] *腐烂* --> [船长]: DAMAGE 35.0 LEFT-HP 1512
00:05 [屠夫] *腐烂* --> [风行]: DAMAGE 35.0 LEFT-HP 1932
00:05 [屠夫] *腐烂* --> [屠夫]: DAMAGE 33.0 LEFT-HP 2243
00:05 [撼地神牛] EMIT %强化图腾%
	[撼地神牛] GET *强化图腾*
	[撼地神牛] ATTACK: 68.0 ~ 78.0 + 102.0
	[撼地神牛] *余震* --> [流浪剑客]: DAMAGE 50.0 STUN 1000.0 LEFT-HP 1558
	[撼地神牛] *余震* --> [屠夫]: DAMAGE 47.0 STUN 1000.0 LEFT-HP 2196
	[撼地神牛] *余震* --> [小黑]: DAMAGE 50.0 STUN 1000.0 LEFT-HP 1648
	[撼地神牛] *余震* --> [火女]: DAMAGE 50.0 STUN 1000.0 LEFT-HP 1792
	[撼地神牛] *余震* --> [抄袭]: DAMAGE 50.0 STUN 1000.0 LEFT-HP 1754
00:05 [风行] EMIT %普通物理攻击%
	[风行] %普通物理攻击% --> [抄袭]: DAMAGE 71 LEFT-HP 1683
00:05 [冰女] EMIT %普通物理攻击%
	[冰女] %普通物理攻击% --> [抄袭]: DAMAGE 64 LEFT-HP 1619
00:05 [船长] EMIT %普通物理攻击%
	[船长] %普通物理攻击% --> [流浪剑客]: DAMAGE 79 LEFT-HP 1479
00:05 [风行] EMIT %普通物理攻击%
	[风行] %普通物理攻击% --> [小黑]: DAMAGE 74 LEFT-HP 1574
00:05 [影魔] EMIT %普通物理攻击%
	[影魔] %普通物理攻击% --> [抄袭]: DAMAGE 56 LEFT-HP 1563
00:06 [屠夫] *腐烂* --> [撼地神牛]: DAMAGE 35.0 LEFT-HP 1530
00:06 [屠夫] *腐烂* --> [影魔]: DAMAGE 35.0 LEFT-HP 1702
00:06 [屠夫] *腐烂* --> [冰女]: DAMAGE 35.0 LEFT-HP 1972
00:06 [屠夫] *腐烂* --> [船长]: DAMAGE 35.0 LEFT-HP 1477
00:06 [屠夫] *腐烂* --> [风行]: DAMAGE 35.0 LEFT-HP 1897
00:06 [屠夫] *腐烂* --> [屠夫]: DAMAGE 33.0 LEFT-HP 2163
00:06 [流浪剑客] EMIT %普通物理攻击%
	[流浪剑客] %普通物理攻击% --> [影魔]: DAMAGE 155 LEFT-HP 1547
	[流浪剑客] *溅射* --> [撼地神牛]: DAMAGE 31.0 LEFT-HP 1499
	[流浪剑客] *溅射* --> [影魔]: DAMAGE 31.0 LEFT-HP 1516
	[流浪剑客] *溅射* --> [冰女]: DAMAGE 31.0 LEFT-HP 1941
	[流浪剑客] *溅射* --> [船长]: DAMAGE 31.0 LEFT-HP 1446
	[流浪剑客] *溅射* --> [风行]: DAMAGE 31.0 LEFT-HP 1866
00:06 [屠夫] EMIT %普通物理攻击%
	[屠夫] %普通物理攻击% --> [影魔]: DAMAGE 88 LEFT-HP 1428
00:06 [小黑] EMIT %普通物理攻击%
	[小黑] %普通物理攻击% --> [船长]: DAMAGE 70 LEFT-HP 1376
00:06 [火女] EMIT %普通物理攻击%
	[火女] %普通物理攻击% --> [冰女]: DAMAGE 76 LEFT-HP 1865
00:06 [抄袭] EMIT %普通物理攻击%
	[抄袭] %普通物理攻击% --> [撼地神牛]: DAMAGE 77 LEFT-HP 1422
00:06 [撼地神牛] EMIT %普通物理攻击%
	[撼地神牛] %普通物理攻击% --> [抄袭]: DAMAGE 178 LEFT-HP 1385
	[撼地神牛] *强化图腾*: OVER
	[撼地神牛] ATTACK: 68.0 ~ 78.0
00:06 [风行] EMIT %普通物理攻击%
	[风行] %普通物理攻击% --> [小黑]: DAMAGE 70 LEFT-HP 1504
00:06 [冰女] EMIT %普通物理攻击%
	[冰女] %普通物理攻击% --> [火女]: DAMAGE 67 LEFT-HP 1725
00:06 [船长] EMIT %普通物理攻击%
	[船长] %普通物理攻击% --> [流浪剑客]: DAMAGE 73 LEFT-HP 1406
00:06 [小黑] EMIT %普通物理攻击%
	[小黑] %普通物理攻击% --> [撼地神牛]: DAMAGE 75 LEFT-HP 1347
00:06 [火女] EMIT %普通物理攻击%
	[火女] %普通物理攻击% --> [风行]: DAMAGE 90 LEFT-HP 1776
00:06 [抄袭] EMIT %普通物理攻击%
	[抄袭] %普通物理攻击% --> [撼地神牛]: DAMAGE 74 LEFT-HP 1273
00:07 [屠夫] *腐烂* --> [撼地神牛]: DAMAGE 35.0 LEFT-HP 1238
00:07 [屠夫] *腐烂* --> [影魔]: DAMAGE 35.0 LEFT-HP 1393
00:07 [屠夫] *腐烂* --> [冰女]: DAMAGE 35.0 LEFT-HP 1830
00:07 [屠夫] *腐烂* --> [船长]: DAMAGE 35.0 LEFT-HP 1341
00:07 [屠夫] *腐烂* --> [风行]: DAMAGE 35.0 LEFT-HP 1741
00:07 [屠夫] *腐烂* --> [屠夫]: DAMAGE 33.0 LEFT-HP 2130
00:07 [风行] EMIT %普通物理攻击%
	[风行] %普通物理攻击% --> [屠夫]: DAMAGE 60 LEFT-HP 2070
00:07 [小黑] EMIT %普通物理攻击%
	[小黑] %普通物理攻击% --> [船长]: DAMAGE 76 LEFT-HP 1265
00:07 [冰女] EMIT %普通物理攻击%
	[冰女] %普通物理攻击% --> [流浪剑客]: DAMAGE 71 LEFT-HP 1335
00:07 [影魔] EMIT %普通物理攻击%
	[影魔] %普通物理攻击% --> [屠夫]: DAMAGE 58 LEFT-HP 2012
00:07 [船长] EMIT %普通物理攻击%
	[船长] %普通物理攻击% --> [流浪剑客]: DAMAGE 82 LEFT-HP 1253
00:07 [流浪剑客] EMIT %普通物理攻击%
	[流浪剑客] %普通物理攻击% --> [船长]: DAMAGE 163 LEFT-HP 1102
	[流浪剑客] *溅射* --> [撼地神牛]: DAMAGE 32.0 LEFT-HP 1206
	[流浪剑客] *溅射* --> [影魔]: DAMAGE 32.0 LEFT-HP 1361
	[流浪剑客] *溅射* --> [冰女]: DAMAGE 32.0 LEFT-HP 1798
	[流浪剑客] *溅射* --> [船长]: DAMAGE 32.0 LEFT-HP 1070
	[流浪剑客] *溅射* --> [风行]: DAMAGE 32.0 LEFT-HP 1709
00:07 [屠夫] EMIT %普通物理攻击%
	[屠夫] %普通物理攻击% --> [影魔]: DAMAGE 81 LEFT-HP 1280
00:07 [火女] EMIT %普通物理攻击%
	[火女] %普通物理攻击% --> [船长]: DAMAGE 87 LEFT-HP 983
00:07 [撼地神牛] EMIT %普通物理攻击%
	[撼地神牛] %普通物理攻击% --> [抄袭]: DAMAGE 70 LEFT-HP 1315
00:07 [小黑] EMIT %普通物理攻击%
	[小黑] %普通物理攻击% --> [冰女]: DAMAGE 82 LEFT-HP 1716
00:07 [风行] EMIT %普通物理攻击%
	[风行] %普通物理攻击% --> [流浪剑客]: DAMAGE 72 LEFT-HP 1181
00:07 [抄袭] EMIT %普通物理攻击%
	[抄袭] %普通物理攻击% --> [撼地神牛]: DAMAGE 79 LEFT-HP 1127
	[流浪剑客] ARMOR: 4.1000004 - -3.0
00:08 [流浪剑客] *战吼*: OVER
	[屠夫] ARMOR: 3.8000002 - -3.0
00:08 [屠夫] *战吼*: OVER
	[小黑] ARMOR: 6.5 - -3.0
00:08 [小黑] *战吼*: OVER
	[火女] ARMOR: 2.6 - -3.0
00:08 [火女] *战吼*: OVER
	[抄袭] ARMOR: 3.5 - -3.0
00:08 [抄袭] *战吼*: OVER
00:08 [火女] EMIT %光击阵%
	[火女] %光击阵% --> [撼地神牛]: DAMAGE 90 STUN 1600 LEFT-HP 1037
	[火女] %光击阵% --> [影魔]: DAMAGE 90 STUN 1600 LEFT-HP 1190
	[火女] %光击阵% --> [冰女]: DAMAGE 90 STUN 1600 LEFT-HP 1626
	[火女] %光击阵% --> [船长]: DAMAGE 90 STUN 1600 LEFT-HP 893
	[火女] %光击阵% --> [风行]: DAMAGE 90 STUN 1600 LEFT-HP 1619
00:08 [屠夫] *腐烂* --> [撼地神牛]: DAMAGE 35.0 LEFT-HP 1002
00:08 [屠夫] *腐烂* --> [影魔]: DAMAGE 35.0 LEFT-HP 1155
00:08 [屠夫] *腐烂* --> [冰女]: DAMAGE 35.0 LEFT-HP 1591
00:08 [屠夫] *腐烂* --> [船长]: DAMAGE 35.0 LEFT-HP 858
00:08 [屠夫] *腐烂* --> [风行]: DAMAGE 35.0 LEFT-HP 1584
00:08 [屠夫] *腐烂* --> [屠夫]: DAMAGE 33.0 LEFT-HP 1979
00:08 [火女] EMIT %普通物理攻击%
	[火女] %普通物理攻击% --> [撼地神牛]: DAMAGE 73 LEFT-HP 929
00:08 [小黑] EMIT %普通物理攻击%
	[小黑] %普通物理攻击% --> [船长]: DAMAGE 74 LEFT-HP 784
00:08 [抄袭] EMIT %普通物理攻击%
	[抄袭] %普通物理攻击% --> [撼地神牛]: DAMAGE 71 LEFT-HP 858
00:08 [小黑] EMIT %普通物理攻击%
	[小黑] %普通物理攻击% --> [影魔]: DAMAGE 69 LEFT-HP 1086
00:08 [流浪剑客] EMIT %普通物理攻击%
	[流浪剑客] %普通物理攻击% --> [影魔]: DAMAGE 141 LEFT-HP 945
	[流浪剑客] *溅射* --> [撼地神牛]: DAMAGE 28.0 LEFT-HP 830
	[流浪剑客] *溅射* --> [影魔]: DAMAGE 28.0 LEFT-HP 917
	[流浪剑客] *溅射* --> [冰女]: DAMAGE 28.0 LEFT-HP 1563
	[流浪剑客] *溅射* --> [船长]: DAMAGE 28.0 LEFT-HP 756
	[流浪剑客] *溅射* --> [风行]: DAMAGE 28.0 LEFT-HP 1556
00:08 [屠夫] EMIT %普通物理攻击%
	[屠夫] %普通物理攻击% --> [影魔]: DAMAGE 88 LEFT-HP 829
00:08 [火女] EMIT %普通物理攻击%
	[火女] %普通物理攻击% --> [影魔]: DAMAGE 71 LEFT-HP 758
00:09 [屠夫] *腐烂* --> [撼地神牛]: DAMAGE 35.0 LEFT-HP 795
00:09 [屠夫] *腐烂* --> [影魔]: DAMAGE 35.0 LEFT-HP 723
00:09 [屠夫] *腐烂* --> [冰女]: DAMAGE 35.0 LEFT-HP 1528
00:09 [屠夫] *腐烂* --> [船长]: DAMAGE 35.0 LEFT-HP 721
00:09 [屠夫] *腐烂* --> [风行]: DAMAGE 35.0 LEFT-HP 1521
00:09 [屠夫] *腐烂* --> [屠夫]: DAMAGE 33.0 LEFT-HP 1946
00:09 [屠夫] EMIT %腐烂%
00:09 [屠夫] CLOSE *腐烂*
	[屠夫] *腐烂*: OVER
00:09 [小黑] EMIT %普通物理攻击%
	[小黑] %普通物理攻击% --> [冰女]: DAMAGE 81 LEFT-HP 1447
00:09 [抄袭] EMIT %普通物理攻击%
	[抄袭] %普通物理攻击% --> [撼地神牛]: DAMAGE 72 LEFT-HP 723
00:09 [火女] EMIT %龙破斩%
	[火女] %龙破斩% --> [撼地神牛]: DAMAGE 100 LEFT-HP 623
00:09 [影魔] EMIT %普通物理攻击%
	[影魔] %普通物理攻击% --> [火女]: DAMAGE 59 LEFT-HP 1666
00:09 [冰女] EMIT %普通物理攻击%
	[冰女] %普通物理攻击% --> [抄袭]: DAMAGE 69 LEFT-HP 1246
00:09 [船长] EMIT %普通物理攻击%
	[船长] %普通物理攻击% --> [流浪剑客]: DAMAGE 76 LEFT-HP 1105
00:09 [风行] EMIT %普通物理攻击%
	[风行] %普通物理攻击% --> [小黑]: DAMAGE 65 LEFT-HP 1439
00:09 [撼地神牛] EMIT %普通物理攻击%
	[撼地神牛] %普通物理攻击% --> [抄袭]: DAMAGE 74 LEFT-HP 1172
00:09 [火女] EMIT %普通物理攻击%
	[火女] %普通物理攻击% --> [撼地神牛]: DAMAGE 68 LEFT-HP 555
00:10 [小黑] EMIT %普通物理攻击%
	[小黑] %普通物理攻击% --> [影魔]: DAMAGE 80 LEFT-HP 643
00:10 [撼地神牛] EMIT %强化图腾%
	[撼地神牛] GET *强化图腾*
	[撼地神牛] ATTACK: 68.0 ~ 78.0 + 102.0
	[撼地神牛] *余震* --> [流浪剑客]: DAMAGE 50.0 STUN 1000.0 LEFT-HP 1055
	[撼地神牛] *余震* --> [屠夫]: DAMAGE 47.0 STUN 1000.0 LEFT-HP 1899
	[撼地神牛] *余震* --> [小黑]: DAMAGE 50.0 STUN 1000.0 LEFT-HP 1389
	[撼地神牛] *余震* --> [火女]: DAMAGE 50.0 STUN 1000.0 LEFT-HP 1616
	[撼地神牛] *余震* --> [抄袭]: DAMAGE 50.0 STUN 1000.0 LEFT-HP 1122
00:10 [风行] EMIT %普通物理攻击%
	[风行] %普通物理攻击% --> [流浪剑客]: DAMAGE 68 LEFT-HP 987
00:10 [冰女] EMIT %普通物理攻击%
	[冰女] %普通物理攻击% --> [屠夫]: DAMAGE 68 LEFT-HP 1831
00:10 [船长] EMIT %普通物理攻击%
	[船长] %普通物理攻击% --> [流浪剑客]: DAMAGE 81 LEFT-HP 906
00:10 [风行] EMIT %普通物理攻击%
	[风行] %普通物理攻击% --> [流浪剑客]: DAMAGE 66 LEFT-HP 840
00:11 [影魔] EMIT %普通物理攻击%
	[影魔] %普通物理攻击% --> [火女]: DAMAGE 57 LEFT-HP 1559
00:11 [流浪剑客] EMIT %普通物理攻击%
	[流浪剑客] %普通物理攻击% --> [影魔]: DAMAGE 153 LEFT-HP 490
	[流浪剑客] *溅射* --> [撼地神牛]: DAMAGE 30.0 LEFT-HP 525
	[流浪剑客] *溅射* --> [影魔]: DAMAGE 30.0 LEFT-HP 460
	[流浪剑客] *溅射* --> [冰女]: DAMAGE 30.0 LEFT-HP 1417
	[流浪剑客] *溅射* --> [船长]: DAMAGE 30.0 LEFT-HP 691
	[流浪剑客] *溅射* --> [风行]: DAMAGE 30.0 LEFT-HP 1491
00:11 [屠夫] EMIT %普通物理攻击%
	[屠夫] %普通物理攻击% --> [影魔]: DAMAGE 89 LEFT-HP 371
00:11 [小黑] EMIT %普通物理攻击%
	[小黑] %普通物理攻击% --> [船长]: DAMAGE 81 LEFT-HP 610
00:11 [火女] EMIT %普通物理攻击%
	[火女] %普通物理攻击% --> [冰女]: DAMAGE 74 LEFT-HP 1343
00:11 [抄袭] EMIT %普通物理攻击%
	[抄袭] %普通物理攻击% --> [撼地神牛]: DAMAGE 71 LEFT-HP 454
00:11 [撼地神牛] EMIT %普通物理攻击%
	[撼地神牛] %普通物理攻击% --> [抄袭]: DAMAGE 162 LEFT-HP 960
	[撼地神牛] *强化图腾*: OVER
	[撼地神牛] ATTACK: 68.0 ~ 78.0
00:11 [冰女] EMIT %普通物理攻击%
	[冰女] %普通物理攻击% --> [小黑]: DAMAGE 63 LEFT-HP 1326
00:11 [船长] EMIT %普通物理攻击%
	[船长] %普通物理攻击% --> [流浪剑客]: DAMAGE 81 LEFT-HP 759
00:11 [小黑] EMIT %普通物理攻击%
	[小黑] %普通物理攻击% --> [冰女]: DAMAGE 70 LEFT-HP 1273
00:11 [风行] EMIT %普通物理攻击%
	[风行] %普通物理攻击% --> [火女]: DAMAGE 74 LEFT-HP 1485
00:11 [抄袭] EMIT %普通物理攻击%
	[抄袭] %普通物理攻击% --> [撼地神牛]: DAMAGE 85 LEFT-HP 369
00:12 [冰女] EMIT %普通物理攻击%
	[冰女] %普通物理攻击% --> [火女]: DAMAGE 71 LEFT-HP 1414
00:12 [船长] EMIT %普通物理攻击%
	[船长] %普通物理攻击% --> [流浪剑客]: DAMAGE 78 LEFT-HP 681
00:12 [小黑] EMIT %普通物理攻击%
	[小黑] %普通物理攻击% --> [冰女]: DAMAGE 76 LEFT-HP 1197
00:12 [风行] EMIT %普通物理攻击%
	[风行] %普通物理攻击% --> [屠夫]: DAMAGE 65 LEFT-HP 1766
00:12 [影魔] EMIT %普通物理攻击%
	[影魔] %普通物理攻击% --> [屠夫]: DAMAGE 56 LEFT-HP 1710
00:12 [流浪剑客] EMIT %普通物理攻击%
	[流浪剑客] %普通物理攻击% --> [船长]: DAMAGE 165 LEFT-HP 445
	[流浪剑客] *溅射* --> [撼地神牛]: DAMAGE 33.0 LEFT-HP 336
	[流浪剑客] *溅射* --> [影魔]: DAMAGE 33.0 LEFT-HP 338
	[流浪剑客] *溅射* --> [冰女]: DAMAGE 33.0 LEFT-HP 1164
	[流浪剑客] *溅射* --> [船长]: DAMAGE 33.0 LEFT-HP 412
	[流浪剑客] *溅射* --> [风行]: DAMAGE 33.0 LEFT-HP 1458
00:12 [屠夫] EMIT %普通物理攻击%
	[屠夫] %普通物理攻击% --> [影魔]: DAMAGE 75 LEFT-HP 263
00:12 [火女] EMIT %普通物理攻击%
	[火女] %普通物理攻击% --> [风行]: DAMAGE 71 LEFT-HP 1387
00:12 [撼地神牛] EMIT %普通物理攻击%
	[撼地神牛] %普通物理攻击% --> [抄袭]: DAMAGE 67 LEFT-HP 893
00:12 [小黑] EMIT %普通物理攻击%
	[小黑] %普通物理攻击% --> [冰女]: DAMAGE 80 LEFT-HP 1084
00:12 [抄袭] EMIT %普通物理攻击%
	[抄袭] %普通物理攻击% --> [撼地神牛]: DAMAGE 76 LEFT-HP 260
00:13 [风行] EMIT %普通物理攻击%
	[风行] %普通物理攻击% --> [抄袭]: DAMAGE 69 LEFT-HP 824
00:13 [冰女] EMIT %普通物理攻击%
	[冰女] %普通物理攻击% --> [小黑]: DAMAGE 69 LEFT-HP 1257
00:13 [船长] EMIT %普通物理攻击%
	[船长] %普通物理攻击% --> [流浪剑客]: DAMAGE 76 LEFT-HP 605
00:13 [小黑] EMIT %普通物理攻击%
	[小黑] %普通物理攻击% --> [影魔]: DAMAGE 78 LEFT-HP 185
00:13 [风行] EMIT %普通物理攻击%
	[风行] %普通物理攻击% --> [抄袭]: DAMAGE 75 LEFT-HP 749
00:13 [抄袭] EMIT %普通物理攻击%
	[抄袭] %普通物理攻击% --> [撼地神牛]: DAMAGE 71 LEFT-HP 189
00:13 [冰女] EMIT %普通物理攻击%
	[冰女] %普通物理攻击% --> [流浪剑客]: DAMAGE 72 LEFT-HP 533
00:13 [船长] EMIT %普通物理攻击%
	[船长] %普通物理攻击% --> [流浪剑客]: DAMAGE 72 LEFT-HP 461
00:13 [小黑] EMIT %普通物理攻击%
	[小黑] %普通物理攻击% --> [影魔]: DAMAGE 70 LEFT-HP 115
00:13 [影魔] EMIT %普通物理攻击%
	[影魔] %普通物理攻击% --> [火女]: DAMAGE 58 LEFT-HP 1356
00:13 [流浪剑客] EMIT %普通物理攻击%
	[流浪剑客] %普通物理攻击% --> [船长]: DAMAGE 140 LEFT-HP 272
	[流浪剑客] *溅射* --> [撼地神牛]: DAMAGE 28.0 LEFT-HP 161
	[流浪剑客] *溅射* --> [影魔]: DAMAGE 28.0 LEFT-HP 87
	[流浪剑客] *溅射* --> [冰女]: DAMAGE 28.0 LEFT-HP 1056
	[流浪剑客] *溅射* --> [船长]: DAMAGE 28.0 LEFT-HP 244
	[流浪剑客] *溅射* --> [风行]: DAMAGE 28.0 LEFT-HP 1359
00:13 [屠夫] EMIT %普通物理攻击%
	[屠夫] %普通物理攻击% --> [影魔]: DAMAGE 77 LEFT-HP 10
00:14 [火女] EMIT %普通物理攻击%
	[火女] %普通物理攻击% --> [风行]: DAMAGE 65 LEFT-HP 1294
00:14 [流浪剑客] EMIT %风暴之锤%
	[流浪剑客] %风暴之锤% --> [撼地神牛]: DAMAGE 100 STUN 2000 LEFT-HP 61
	[流浪剑客] %风暴之锤% --> [影魔]: DAMAGE 100 STUN 2000 LEFT-HP -90
	[流浪剑客] KILL *影魔*
	[影魔] *魂之挽歌（死亡释放）* --> [流浪剑客]: DAMAGE 0.0 LEFT-HP 461
	[影魔] *魂之挽歌（死亡释放）* --> [屠夫]: DAMAGE 0.0 LEFT-HP 1710
	[影魔] *魂之挽歌（死亡释放）* --> [小黑]: DAMAGE 0.0 LEFT-HP 1257
	[影魔] *魂之挽歌（死亡释放）* --> [火女]: DAMAGE 0.0 LEFT-HP 1356
	[影魔] *魂之挽歌（死亡释放）* --> [抄袭]: DAMAGE 0.0 LEFT-HP 749
	[流浪剑客] %风暴之锤% --> [冰女]: DAMAGE 100 STUN 2000 LEFT-HP 956
	[流浪剑客] %风暴之锤% --> [船长]: DAMAGE 100 STUN 2000 LEFT-HP 144
	[流浪剑客] %风暴之锤% --> [风行]: DAMAGE 100 STUN 2000 LEFT-HP 1194
00:14 [屠夫] EMIT %腐烂%
00:14 [屠夫] OPEN *腐烂*
	[屠夫] GET *腐烂*
00:14 [小黑] EMIT %普通物理攻击%
	[小黑] %普通物理攻击% --> [撼地神牛]: DAMAGE 70 LEFT-HP -9
	[小黑] KILL *撼地神牛*
00:15 [小黑] EMIT %普通物理攻击%
	[小黑] %普通物理攻击% --> [冰女]: DAMAGE 71 LEFT-HP 885
00:15 [火女] EMIT %光击阵%
	[火女] %光击阵% --> [冰女]: DAMAGE 90 STUN 1600 LEFT-HP 795
	[火女] %光击阵% --> [船长]: DAMAGE 90 STUN 1600 LEFT-HP 54
	[火女] %光击阵% --> [风行]: DAMAGE 90 STUN 1600 LEFT-HP 1104
	[火女] *炽热之魂* --> [火女]: DAMAGE 0.4 LEFT-HP 1356
00:15 [屠夫] *腐烂* --> [冰女]: DAMAGE 35.0 LEFT-HP 760
00:15 [屠夫] *腐烂* --> [船长]: DAMAGE 35.0 LEFT-HP 19
00:15 [屠夫] *腐烂* --> [风行]: DAMAGE 35.0 LEFT-HP 1069
00:15 [屠夫] *腐烂* --> [屠夫]: DAMAGE 33.0 LEFT-HP 1677
00:15 [流浪剑客] EMIT %普通物理攻击%
	[流浪剑客] %普通物理攻击% --> [船长]: DAMAGE 146 LEFT-HP -127
	[流浪剑客] KILL *船长*
	[流浪剑客] *溅射* --> [冰女]: DAMAGE 29.0 LEFT-HP 731
	[流浪剑客] *溅射* --> [风行]: DAMAGE 29.0 LEFT-HP 1040
00:15 [火女] EMIT %普通物理攻击%
	[火女] %普通物理攻击% --> [冰女]: DAMAGE 88 LEFT-HP 643
00:15 [小黑] EMIT %普通物理攻击%
	[小黑] %普通物理攻击% --> [风行]: DAMAGE 74 LEFT-HP 966
00:16 [屠夫] *腐烂* --> [冰女]: DAMAGE 35.0 LEFT-HP 608
00:16 [屠夫] *腐烂* --> [风行]: DAMAGE 35.0 LEFT-HP 931
00:16 [屠夫] *腐烂* --> [屠夫]: DAMAGE 33.0 LEFT-HP 1644
00:16 [小黑] EMIT %普通物理攻击%
	[小黑] %普通物理攻击% --> [冰女]: DAMAGE 80 LEFT-HP 528
00:16 [火女] EMIT %普通物理攻击%
	[火女] %普通物理攻击% --> [风行]: DAMAGE 87 LEFT-HP 844
00:16 [冰女] EMIT %普通物理攻击%
	[冰女] %普通物理攻击% --> [抄袭]: DAMAGE 60 LEFT-HP 689
00:16 [风行] EMIT %普通物理攻击%
	[风行] %普通物理攻击% --> [屠夫]: DAMAGE 63 LEFT-HP 1581
00:16 [小黑] EMIT %普通物理攻击%
	[小黑] %普通物理攻击% --> [风行]: DAMAGE 71 LEFT-HP 773
00:17 [屠夫] *腐烂* --> [冰女]: DAMAGE 35.0 LEFT-HP 493
00:17 [屠夫] *腐烂* --> [风行]: DAMAGE 35.0 LEFT-HP 738
00:17 [屠夫] *腐烂* --> [屠夫]: DAMAGE 33.0 LEFT-HP 1548
00:17 [小黑] EMIT %普通物理攻击%
	[小黑] %普通物理攻击% --> [冰女]: DAMAGE 71 LEFT-HP 422
00:17 [风行] EMIT %普通物理攻击%
	[风行] %普通物理攻击% --> [小黑]: DAMAGE 64 LEFT-HP 1193
00:17 [冰女] EMIT %普通物理攻击%
	[冰女] %普通物理攻击% --> [火女]: DAMAGE 67 LEFT-HP 1289
00:17 [火女] EMIT %普通物理攻击%
	[火女] %普通物理攻击% --> [冰女]: DAMAGE 78 LEFT-HP 344
00:17 [小黑] EMIT %普通物理攻击%
	[小黑] %普通物理攻击% --> [风行]: DAMAGE 82 LEFT-HP 656
00:17 [风行] EMIT %普通物理攻击%
	[风行] %普通物理攻击% --> [火女]: DAMAGE 69 LEFT-HP 1220
00:18 [屠夫] EMIT %屠夫钩子%
	[屠夫] %屠夫钩子% --> [风行]: DAMAGE 90 LEFT-HP 566
00:18 [火女] EMIT %龙破斩%
	[火女] %龙破斩% --> [风行]: DAMAGE 100 LEFT-HP 466
	[火女] *炽热之魂* --> [火女]: DAMAGE 0.4 LEFT-HP 1220
00:18 [屠夫] *腐烂* --> [冰女]: DAMAGE 35.0 LEFT-HP 309
00:18 [屠夫] *腐烂* --> [风行]: DAMAGE 35.0 LEFT-HP 431
00:18 [屠夫] *腐烂* --> [屠夫]: DAMAGE 33.0 LEFT-HP 1515
00:18 [流浪剑客] EMIT %普通物理攻击%
	[流浪剑客] %普通物理攻击% --> [风行]: DAMAGE 141 LEFT-HP 290
	[流浪剑客] *溅射* --> [冰女]: DAMAGE 28.0 LEFT-HP 281
	[流浪剑客] *溅射* --> [风行]: DAMAGE 28.0 LEFT-HP 262
00:18 [屠夫] EMIT %普通物理攻击%
	[屠夫] %普通物理攻击% --> [风行]: DAMAGE 76 LEFT-HP 186
00:18 [冰女] EMIT %普通物理攻击%
	[冰女] %普通物理攻击% --> [抄袭]: DAMAGE 65 LEFT-HP 624
00:18 [小黑] EMIT %普通物理攻击%
	[小黑] %普通物理攻击% --> [冰女]: DAMAGE 70 LEFT-HP 211
00:18 [风行] EMIT %普通物理攻击%
	[风行] %普通物理攻击% --> [抄袭]: DAMAGE 65 LEFT-HP 559
00:18 [火女] EMIT %普通物理攻击%
	[火女] %普通物理攻击% --> [冰女]: DAMAGE 73 LEFT-HP 138
00:18 [小黑] EMIT %普通物理攻击%
	[小黑] %普通物理攻击% --> [风行]: DAMAGE 80 LEFT-HP 106
00:19 [屠夫] *腐烂* --> [冰女]: DAMAGE 35.0 LEFT-HP 103
00:19 [屠夫] *腐烂* --> [风行]: DAMAGE 35.0 LEFT-HP 71
00:19 [屠夫] *腐烂* --> [屠夫]: DAMAGE 33.0 LEFT-HP 1482
00:19 [屠夫] EMIT %腐烂%
00:19 [屠夫] CLOSE *腐烂*
	[屠夫] *腐烂*: OVER
00:19 [冰女] EMIT %普通物理攻击%
	[冰女] %普通物理攻击% --> [屠夫]: DAMAGE 67 LEFT-HP 1415
00:19 [风行] EMIT %普通物理攻击%
	[风行] %普通物理攻击% --> [抄袭]: DAMAGE 63 LEFT-HP 496
00:19 [流浪剑客] EMIT %普通物理攻击%
	[流浪剑客] %普通物理攻击% --> [风行]: DAMAGE 139 LEFT-HP -68
	[流浪剑客] KILL *风行*
	[流浪剑客] *溅射* --> [冰女]: DAMAGE 27.0 LEFT-HP 76
00:19 [小黑] EMIT %普通物理攻击%
	[小黑] %普通物理攻击% --> [冰女]: DAMAGE 72 LEFT-HP 4
00:19 [火女] EMIT %普通物理攻击%
	[火女] %普通物理攻击% --> [冰女]: DAMAGE 70 LEFT-HP -66
	[火女] KILL *冰女*
