Loading JSON: /config/Buff.json
Loading JSON: /config/Hero.json
Loading JSON: /config/Skill.json
[撼地神牛] LEARN %沟壑%
[撼地神牛] LEARN %强化图腾%
[撼地神牛] LEARN %余震%
	[撼地神牛] GET *余震*
[撼地神牛] LEARN %回音击%
[影魔] LEARN %影压%
[影魔] LEARN %影压Z%
[影魔] LEARN %影压X%
[影魔] LEARN %影压C%
[影魔] LEARN %支配死灵%
	[影魔] GET *支配死灵*
[影魔] LEARN %魔王降临%
	[影魔] GET *魔王降临光环*
	[流浪剑客] GET *魔王降临（作用在目标上）*
	[流浪剑客] ARMOR: 4.1000004 - -3.0
	[屠夫] GET *魔王降临（作用在目标上）*
	[屠夫] ARMOR: 3.8000002 - -3.0
	[小黑] GET *魔王降临（作用在目标上）*
	[小黑] ARMOR: 6.5 - -3.0
	[火女] GET *魔王降临（作用在目标上）*
	[火女] ARMOR: 2.6 - -3.0
	[抄袭] GET *魔王降临（作用在目标上）*
	[抄袭] ARMOR: 3.5 - -3.0
[影魔] LEARN %魂之挽歌（载体）%
[影魔] LEARN %魂之挽歌%
[影魔] LEARN %魂之挽歌（死亡）%
	[影魔] GET *魂之挽歌（死亡释放）*
[流浪剑客] LEARN %风暴之锤%
[流浪剑客] LEARN %巨力挥舞%
	[流浪剑客] GET *溅射*
[流浪剑客] LEARN %战吼%
[流浪剑客] LEARN %神之力量%
[屠夫] LEARN %屠夫钩子%
[屠夫] LEARN %腐烂%
[屠夫] LEARN %堆积腐肉%
	[屠夫] GET *堆积腐肉*
[屠夫] LEARN %肢解%
[火女] LEARN %龙破斩%
[火女] LEARN %光击阵%
[火女] LEARN %炽热之魂%
	[火女] GET *炽热之魂*
[火女] LEARN %神灭斩%
00:00 [撼地神牛] EMIT %强化图腾%
	[撼地神牛] GET *强化图腾*
	[撼地神牛] ATTACK: 68.0 ~ 78.0 + 102.0
	[撼地神牛] *余震* --> [流浪剑客]: DAMAGE 50.0 STUN 1000.0 LEFT-HP 2387
	[撼地神牛] *余震* --> [屠夫]: DAMAGE 47.0 STUN 1000.0 LEFT-HP 2523
	[撼地神牛] *余震* --> [小黑]: DAMAGE 50.0 STUN 1000.0 LEFT-HP 2292
	[撼地神牛] *余震* --> [火女]: DAMAGE 50.0 STUN 1000.0 LEFT-HP 2292
	[撼地神牛] *余震* --> [抄袭]: DAMAGE 50.0 STUN 1000.0 LEFT-HP 2425
00:00 [冰女] EMIT %普通物理攻击%
	[冰女] %普通物理攻击% --> [抄袭]: DAMAGE 68 LEFT-HP 2357
00:00 [船长] EMIT %普通物理攻击%
	[船长] %普通物理攻击% --> [流浪剑客]: DAMAGE 75 LEFT-HP 2312
00:00 [风行] EMIT %普通物理攻击%
	[风行] %普通物理攻击% --> [屠夫]: DAMAGE 71 LEFT-HP 2452
00:00 [撼地神牛] EMIT %普通物理攻击%
	[撼地神牛] %普通物理攻击% --> [抄袭]: DAMAGE 167 LEFT-HP 2190
	[撼地神牛] *强化图腾*: OVER
00:00 [影魔] EMIT %魂之挽歌%
	[影魔] %魂之挽歌% --> [流浪剑客]: DAMAGE 0 LEFT-HP 2312
	[流浪剑客] GET *魂之挽歌(减移速)*
	[流浪剑客] GET *魂之挽歌(减伤害)*
	[流浪剑客] ATTACK: 75.0 ~ 77.0 - -45.0
	[影魔] %魂之挽歌% --> [屠夫]: DAMAGE 0 LEFT-HP 2452
	[屠夫] GET *魂之挽歌(减移速)*
	[屠夫] GET *魂之挽歌(减伤害)*
	[屠夫] ATTACK: 82.0 ~ 82.0 - -49.0
	[影魔] %魂之挽歌% --> [小黑]: DAMAGE 0 LEFT-HP 2292
	[小黑] GET *魂之挽歌(减移速)*
	[小黑] GET *魂之挽歌(减伤害)*
	[小黑] ATTACK: 75.0 ~ 75.0 - -45.0
	[影魔] %魂之挽歌% --> [火女]: DAMAGE 0 LEFT-HP 2292
	[火女] GET *魂之挽歌(减移速)*
	[火女] GET *魂之挽歌(减伤害)*
	[火女] ATTACK: 67.0 ~ 85.0 - -40.0
	[影魔] %魂之挽歌% --> [抄袭]: DAMAGE 0 LEFT-HP 2190
	[抄袭] GET *魂之挽歌(减移速)*
	[抄袭] GET *魂之挽歌(减伤害)*
	[抄袭] ATTACK: 78.0 ~ 78.0 - -46.0
	[撼地神牛] ATTACK: 68.0 ~ 78.0
00:00 [影魔] EMIT %影压X%
	[影魔] %影压X% --> [小黑]: DAMAGE 75 LEFT-HP 2217
	[影魔] %影压X% --> [火女]: DAMAGE 75 LEFT-HP 2217
00:00 [撼地神牛] EMIT %沟壑%
	[撼地神牛] %沟壑% --> [小黑]: DAMAGE 125 STUN 2000 LEFT-HP 2092
	[撼地神牛] %沟壑% --> [抄袭]: DAMAGE 125 STUN 2000 LEFT-HP 2065
	[撼地神牛] *余震* --> [流浪剑客]: DAMAGE 50.0 STUN 1000.0 LEFT-HP 2262
	[撼地神牛] *余震* --> [屠夫]: DAMAGE 47.0 STUN 1000.0 LEFT-HP 2405
	[撼地神牛] *余震* --> [小黑]: DAMAGE 50.0 STUN 1000.0 LEFT-HP 2042
	[撼地神牛] *余震* --> [火女]: DAMAGE 50.0 STUN 1000.0 LEFT-HP 2167
	[撼地神牛] *余震* --> [抄袭]: DAMAGE 50.0 STUN 1000.0 LEFT-HP 2015
00:00 [影魔] EMIT %影压Z%
	[影魔] %影压Z% --> [流浪剑客]: DAMAGE 75 LEFT-HP 2187
	[影魔] %影压Z% --> [屠夫]: DAMAGE 71 LEFT-HP 2334
	[影魔] %影压Z% --> [小黑]: DAMAGE 75 LEFT-HP 1967
	[影魔] %影压Z% --> [火女]: DAMAGE 75 LEFT-HP 2092
	[影魔] %影压Z% --> [抄袭]: DAMAGE 75 LEFT-HP 1940
00:00 [影魔] EMIT %普通物理攻击%
	[影魔] %普通物理攻击% --> [抄袭]: DAMAGE 58 LEFT-HP 1882
00:00 [风行] EMIT %普通物理攻击%
	[风行] %普通物理攻击% --> [火女]: DAMAGE 66 LEFT-HP 2026
